2026-06-03 07:16:40,886 - WARNING - mo_config.py:161 - Reducing optimization level to 0 (the accuracy won't be optimized and compression won't be used) because there's less data than the recommended amount (1024), and there's no available GPU
2026-06-03 07:16:40,887 - WARNING - mo_config.py:226 - Running model optimization with zero level of optimization is not recommended for production use and might lead to suboptimal accuracy results
2026-06-03 07:16:40,887 - INFO - mo_script_parser.py:82 - Model received quantization params from the hn
2026-06-03 07:16:43,045 - INFO - algorithm_base.py:144 - Starting Mixed Precision
2026-06-03 07:16:43,428 - INFO - algorithm_base.py:160 - Mixed Precision is done (completion time is 00:00:00.38)
2026-06-03 07:16:43,701 - INFO - algorithm_base.py:141 - Layer Norm Decomposition skipped
2026-06-03 07:16:44,010 - INFO - algorithm_base.py:144 - Starting Stats Collector
2026-06-03 07:17:31,543 - WARNING - mo_config.py:161 - Reducing optimization level to 0 (the accuracy won't be optimized and compression won't be used) because there's less data than the recommended amount (1024), and there's no available GPU
2026-06-03 07:17:31,544 - WARNING - mo_config.py:226 - Running model optimization with zero level of optimization is not recommended for production use and might lead to suboptimal accuracy results
2026-06-03 07:17:31,544 - INFO - mo_script_parser.py:82 - Model received quantization params from the hn
2026-06-03 07:17:33,657 - INFO - algorithm_base.py:144 - Starting Mixed Precision
2026-06-03 07:17:34,039 - INFO - algorithm_base.py:160 - Mixed Precision is done (completion time is 00:00:00.38)
2026-06-03 07:17:34,308 - INFO - algorithm_base.py:141 - Layer Norm Decomposition skipped
2026-06-03 07:17:34,608 - INFO - algorithm_base.py:144 - Starting Stats Collector
2026-06-03 07:17:34,611 - INFO - stats_collection.py:73 - Using dataset with 64 entries for calibration
2026-06-03 07:17:54,326 - INFO - algorithm_base.py:160 - Stats Collector is done (completion time is 00:00:19.71)
2026-06-03 07:17:55,082 - INFO - algorithm_base.py:144 - Starting Fix zp_comp Encoding
2026-06-03 07:17:55,083 - INFO - algorithm_base.py:160 - Fix zp_comp Encoding is done (completion time is 00:00:00.00)
2026-06-03 07:17:55,083 - INFO - algorithm_base.py:141 - matmul_equalization skipped
2026-06-03 07:17:56,654 - INFO - activation_op.py:1623 - activation fitting started for fastsam_s/ew_sub_softmax1/act_op
2026-06-03 07:18:02,809 - INFO - activation_op.py:1623 - activation fitting started for fastsam_s/reduce_sum_softmax1/act_op
2026-06-03 07:20:11,722 - INFO - algorithm_base.py:141 - Finetune encoding skipped
2026-06-03 07:20:11,725 - INFO - algorithm_base.py:141 - Bias Correction skipped
2026-06-03 07:20:11,733 - INFO - algorithm_base.py:141 - Adaround skipped
2026-06-03 07:20:11,737 - INFO - algorithm_base.py:141 - Fine Tune skipped
2026-06-03 07:20:16,785 - INFO - algorithm_base.py:141 - Layer Noise Analysis skipped
2026-06-03 07:20:17,001 - INFO - quant_checker.py:167 - The calibration set seems to not be normalized, because the values range is [(1.0258279e-07, 0.9999999), (2.89759e-08, 0.99999976), (2.6047228e-08, 0.99999934)].
Since the neural core works in 8-bit (between 0 to 255), a quantization will occur on the CPU of the runtime platform.
Add a normalization layer to the model to offload the normalization to the neural core.
Refer to the user guide Hailo Dataflow Compiler user guide / Model Optimization / Optimization Related Model Script Commands / model_modification_commands / normalization for details.
2026-06-03 07:20:55,194 - WARNING - mo_config.py:161 - Reducing optimization level to 0 (the accuracy won't be optimized and compression won't be used) because there's less data than the recommended amount (1024), and there's no available GPU
2026-06-03 07:20:55,194 - WARNING - mo_config.py:226 - Running model optimization with zero level of optimization is not recommended for production use and might lead to suboptimal accuracy results
2026-06-03 07:20:55,195 - INFO - mo_script_parser.py:82 - Model received quantization params from the hn
2026-06-03 07:20:57,370 - INFO - algorithm_base.py:144 - Starting Mixed Precision
2026-06-03 07:20:57,767 - INFO - algorithm_base.py:160 - Mixed Precision is done (completion time is 00:00:00.40)
2026-06-03 07:20:58,060 - INFO - algorithm_base.py:141 - Layer Norm Decomposition skipped
2026-06-03 07:20:58,379 - INFO - algorithm_base.py:144 - Starting Stats Collector
2026-06-03 07:20:58,381 - INFO - stats_collection.py:73 - Using dataset with 64 entries for calibration
2026-06-03 07:21:18,471 - INFO - algorithm_base.py:160 - Stats Collector is done (completion time is 00:00:20.09)
2026-06-03 07:21:19,242 - INFO - algorithm_base.py:144 - Starting Fix zp_comp Encoding
2026-06-03 07:21:19,242 - INFO - algorithm_base.py:160 - Fix zp_comp Encoding is done (completion time is 00:00:00.00)
2026-06-03 07:21:19,243 - INFO - algorithm_base.py:141 - matmul_equalization skipped
2026-06-03 07:21:20,863 - INFO - activation_op.py:1623 - activation fitting started for fastsam_s/ew_sub_softmax1/act_op
2026-06-03 07:21:27,012 - INFO - activation_op.py:1623 - activation fitting started for fastsam_s/reduce_sum_softmax1/act_op
2026-06-03 07:23:10,753 - INFO - algorithm_base.py:141 - Finetune encoding skipped
2026-06-03 07:23:10,755 - INFO - algorithm_base.py:141 - Bias Correction skipped
2026-06-03 07:23:10,764 - INFO - algorithm_base.py:141 - Adaround skipped
2026-06-03 07:23:10,768 - INFO - algorithm_base.py:141 - Fine Tune skipped
2026-06-03 07:23:15,828 - INFO - algorithm_base.py:141 - Layer Noise Analysis skipped
2026-06-03 07:23:16,045 - INFO - quant_checker.py:167 - The calibration set seems to not be normalized, because the values range is [(9.994478e-08, 0.99999994), (4.6045383e-07, 0.99999994), (6.415023e-07, 0.99999994)].
Since the neural core works in 8-bit (between 0 to 255), a quantization will occur on the CPU of the runtime platform.
Add a normalization layer to the model to offload the normalization to the neural core.
Refer to the user guide Hailo Dataflow Compiler user guide / Model Optimization / Optimization Related Model Script Commands / model_modification_commands / normalization for details.
