2026-06-03 07:14:59,286 - INFO - main.py:34 - Current Time: 07:14:59, 06/03/26
2026-06-03 07:15:00,349 - INFO - main.py:46 - CPU: Architecture: x86_64, Model: , Number Of Cores: 12, Utilization: 0.0%
2026-06-03 07:15:00,351 - INFO - main.py:50 - Memory: Total: 7GB, Available: 6GB
2026-06-03 07:15:00,352 - INFO - main.py:54 - System info: OS: Linux, Kernel: 6.12.72-linuxkit
2026-06-03 07:15:00,353 - INFO - main.py:55 - Hailo DFC Version: 3.28.0
2026-06-03 07:15:00,370 - INFO - main.py:60 - HailoRT Version: Not Installed
2026-06-03 07:15:00,411 - INFO - main.py:76 - PCIe: No Hailo PCIe device was found
2026-06-03 07:15:00,412 - INFO - main.py:109 - Running `hailo parser onnx FastSAM-s-256.onnx`
2026-06-03 07:15:00,430 - INFO - parser.py:127 - Translation started on ONNX model FastSAM-s-256
2026-06-03 07:15:00,558 - INFO - parser.py:162 - Restored ONNX model FastSAM-s-256 (completion time: 00:00:00.13)
2026-06-03 07:15:00,766 - INFO - parser.py:185 - Extracted ONNXRuntime meta-data for Hailo model (completion time: 00:00:00.34)
2026-06-03 07:15:01,136 - INFO - parser.py:258 - Simplified ONNX model for a parsing retry attempt (completion time: 00:00:00.71)
2026-06-03 07:15:20,618 - INFO - main.py:34 - Current Time: 07:15:20, 06/03/26
2026-06-03 07:15:21,678 - INFO - main.py:46 - CPU: Architecture: x86_64, Model: , Number Of Cores: 12, Utilization: 0.0%
2026-06-03 07:15:21,679 - INFO - main.py:50 - Memory: Total: 7GB, Available: 6GB
2026-06-03 07:15:21,680 - INFO - main.py:54 - System info: OS: Linux, Kernel: 6.12.72-linuxkit
2026-06-03 07:15:21,681 - INFO - main.py:55 - Hailo DFC Version: 3.28.0
2026-06-03 07:15:21,700 - INFO - main.py:60 - HailoRT Version: Not Installed
2026-06-03 07:15:21,742 - INFO - main.py:76 - PCIe: No Hailo PCIe device was found
2026-06-03 07:15:21,743 - INFO - main.py:109 - Running `hailo parser onnx FastSAM-s-256.onnx --end-node-names /model.22/Concat_2,/model.22/Sigmoid,/model.22/proto/cv3/act/Mul,/model.22/dfl/Reshape_1 --hw-arch hailo8 -y`
2026-06-03 07:15:21,759 - INFO - parser.py:127 - Translation started on ONNX model FastSAM-s-256
2026-06-03 07:15:21,891 - INFO - parser.py:162 - Restored ONNX model FastSAM-s-256 (completion time: 00:00:00.13)
2026-06-03 07:15:22,093 - INFO - parser.py:185 - Extracted ONNXRuntime meta-data for Hailo model (completion time: 00:00:00.33)
2026-06-03 07:15:22,408 - INFO - parser.py:258 - Simplified ONNX model for a parsing retry attempt (completion time: 00:00:00.65)
2026-06-03 07:15:49,062 - INFO - parser.py:127 - Translation started on ONNX model fastsam_s
2026-06-03 07:15:49,202 - INFO - parser.py:162 - Restored ONNX model fastsam_s (completion time: 00:00:00.14)
2026-06-03 07:15:49,416 - INFO - parser.py:185 - Extracted ONNXRuntime meta-data for Hailo model (completion time: 00:00:00.35)
2026-06-03 07:15:49,938 - INFO - parser.py:357 - Start nodes mapped from original model: 'images': 'fastsam_s/input_layer1'.
2026-06-03 07:15:49,938 - INFO - parser.py:358 - End nodes mapped from original model: '/model.22/Concat_2', '/model.22/Sigmoid', '/model.22/proto/cv3/act/Mul', '/model.22/dfl/Reshape_1'.
2026-06-03 07:15:49,988 - INFO - parser.py:272 - Translation completed on ONNX model fastsam_s (completion time: 00:00:00.93)
2026-06-03 07:15:50,587 - DEPRECATION_WARNING - client_runner.py:1990 - Optimizing in full precision will require calibration data in the near future, to allow more accurate optimization algorithms which require inference on actual data.
2026-06-03 07:15:50,889 - INFO - calib_set_generator.py:117 - Found model with 3 input channels, using real RGB images for calibration instead of sampling random data.
2026-06-03 07:15:51,077 - DEPRECATION_WARNING - hailo_nn.py:1546 - Layer fastsam_s/input_layer1 has implicit precision config during compilation, filling default values
2026-06-03 07:15:51,079 - DEPRECATION_WARNING - hailo_nn.py:1546 - Layer fastsam_s/conv1 has implicit precision config during compilation, filling default values
2026-06-03 07:15:51,079 - DEPRECATION_WARNING - hailo_nn.py:1546 - Layer fastsam_s/conv2 has implicit precision config during compilation, filling default values
2026-06-03 07:15:51,080 - DEPRECATION_WARNING - hailo_nn.py:1546 - Layer fastsam_s/conv4 has implicit precision config during compilation, filling default values
2026-06-03 07:15:51,080 - DEPRECATION_WARNING - hailo_nn.py:1546 - Layer fastsam_s/conv5 has implicit precision config during compilation, filling default values
2026-06-03 07:15:51,081 - DEPRECATION_WARNING - hailo_nn.py:1546 - Layer fastsam_s/ew_add1 has implicit precision config during compilation, filling default values
2026-06-03 07:15:51,081 - DEPRECATION_WARNING - hailo_nn.py:1546 - Layer fastsam_s/concat1 has implicit precision config during compilation, filling default values
2026-06-03 07:15:51,081 - DEPRECATION_WARNING - hailo_nn.py:1546 - Layer fastsam_s/conv6 has implicit precision config during compilation, filling default values
2026-06-03 07:15:51,082 - DEPRECATION_WARNING - hailo_nn.py:1546 - Layer fastsam_s/conv7 has implicit precision config during compilation, filling default values
2026-06-03 07:15:51,082 - DEPRECATION_WARNING - hailo_nn.py:1546 - Layer fastsam_s/conv9 has implicit precision config during compilation, filling default values
2026-06-03 07:15:51,082 - DEPRECATION_WARNING - hailo_nn.py:1546 - Layer fastsam_s/conv10 has implicit precision config during compilation, filling default values
2026-06-03 07:15:51,083 - DEPRECATION_WARNING - hailo_nn.py:1546 - Layer fastsam_s/ew_add2 has implicit precision config during compilation, filling default values
2026-06-03 07:15:51,083 - DEPRECATION_WARNING - hailo_nn.py:1546 - Layer fastsam_s/conv11 has implicit precision config during compilation, filling default values
2026-06-03 07:15:51,084 - DEPRECATION_WARNING - hailo_nn.py:1546 - Layer fastsam_s/conv12 has implicit precision config during compilation, filling default values
2026-06-03 07:15:51,084 - DEPRECATION_WARNING - hailo_nn.py:1546 - Layer fastsam_s/ew_add3 has implicit precision config during compilation, filling default values
2026-06-03 07:15:51,084 - DEPRECATION_WARNING - hailo_nn.py:1546 - Layer fastsam_s/concat2 has implicit precision config during compilation, filling default values
2026-06-03 07:15:51,085 - DEPRECATION_WARNING - hailo_nn.py:1546 - Layer fastsam_s/conv13 has implicit precision config during compilation, filling default values
2026-06-03 07:15:51,085 - DEPRECATION_WARNING - hailo_nn.py:1546 - Layer fastsam_s/conv14 has implicit precision config during compilation, filling default values
2026-06-03 07:15:51,085 - DEPRECATION_WARNING - hailo_nn.py:1546 - Layer fastsam_s/conv16 has implicit precision config during compilation, filling default values
2026-06-03 07:15:51,086 - DEPRECATION_WARNING - hailo_nn.py:1546 - Layer fastsam_s/conv17 has implicit precision config during compilation, filling default values
2026-06-03 07:15:51,086 - DEPRECATION_WARNING - hailo_nn.py:1546 - Layer fastsam_s/ew_add4 has implicit precision config during compilation, filling default values
2026-06-03 07:15:51,086 - DEPRECATION_WARNING - hailo_nn.py:1546 - Layer fastsam_s/conv18 has implicit precision config during compilation, filling default values
2026-06-03 07:15:51,087 - DEPRECATION_WARNING - hailo_nn.py:1546 - Layer fastsam_s/conv19 has implicit precision config during compilation, filling default values
2026-06-03 07:15:51,087 - DEPRECATION_WARNING - hailo_nn.py:1546 - Layer fastsam_s/ew_add5 has implicit precision config during compilation, filling default values
2026-06-03 07:15:51,087 - DEPRECATION_WARNING - hailo_nn.py:1546 - Layer fastsam_s/concat3 has implicit precision config during compilation, filling default values
2026-06-03 07:15:51,088 - DEPRECATION_WARNING - hailo_nn.py:1546 - Layer fastsam_s/conv20 has implicit precision config during compilation, filling default values
2026-06-03 07:15:51,088 - DEPRECATION_WARNING - hailo_nn.py:1546 - Layer fastsam_s/conv21 has implicit precision config during compilation, filling default values
2026-06-03 07:15:51,088 - DEPRECATION_WARNING - hailo_nn.py:1546 - Layer fastsam_s/conv23 has implicit precision config during compilation, filling default values
2026-06-03 07:15:51,089 - DEPRECATION_WARNING - hailo_nn.py:1546 - Layer fastsam_s/conv24 has implicit precision config during compilation, filling default values
2026-06-03 07:15:51,089 - DEPRECATION_WARNING - hailo_nn.py:1546 - Layer fastsam_s/ew_add6 has implicit precision config during compilation, filling default values
2026-06-03 07:15:51,090 - DEPRECATION_WARNING - hailo_nn.py:1546 - Layer fastsam_s/concat4 has implicit precision config during compilation, filling default values
2026-06-03 07:15:51,090 - DEPRECATION_WARNING - hailo_nn.py:1546 - Layer fastsam_s/conv25 has implicit precision config during compilation, filling default values
2026-06-03 07:15:51,090 - DEPRECATION_WARNING - hailo_nn.py:1546 - Layer fastsam_s/conv26 has implicit precision config during compilation, filling default values
2026-06-03 07:15:51,091 - DEPRECATION_WARNING - hailo_nn.py:1546 - Layer fastsam_s/maxpool1 has implicit precision config during compilation, filling default values
2026-06-03 07:15:51,091 - DEPRECATION_WARNING - hailo_nn.py:1546 - Layer fastsam_s/maxpool2 has implicit precision config during compilation, filling default values
2026-06-03 07:15:51,091 - DEPRECATION_WARNING - hailo_nn.py:1546 - Layer fastsam_s/maxpool3 has implicit precision config during compilation, filling default values
2026-06-03 07:15:51,092 - DEPRECATION_WARNING - hailo_nn.py:1546 - Layer fastsam_s/concat5 has implicit precision config during compilation, filling default values
2026-06-03 07:15:51,092 - DEPRECATION_WARNING - hailo_nn.py:1546 - Layer fastsam_s/conv27 has implicit precision config during compilation, filling default values
2026-06-03 07:15:51,092 - DEPRECATION_WARNING - hailo_nn.py:1546 - Layer fastsam_s/resize1 has implicit precision config during compilation, filling default values
2026-06-03 07:15:51,093 - DEPRECATION_WARNING - hailo_nn.py:1546 - Layer fastsam_s/concat6 has implicit precision config during compilation, filling default values
2026-06-03 07:15:51,093 - DEPRECATION_WARNING - hailo_nn.py:1546 - Layer fastsam_s/conv29 has implicit precision config during compilation, filling default values
2026-06-03 07:15:51,093 - DEPRECATION_WARNING - hailo_nn.py:1546 - Layer fastsam_s/conv30 has implicit precision config during compilation, filling default values
2026-06-03 07:15:51,094 - DEPRECATION_WARNING - hailo_nn.py:1546 - Layer fastsam_s/concat7 has implicit precision config during compilation, filling default values
2026-06-03 07:15:51,094 - DEPRECATION_WARNING - hailo_nn.py:1546 - Layer fastsam_s/conv31 has implicit precision config during compilation, filling default values
2026-06-03 07:15:51,094 - DEPRECATION_WARNING - hailo_nn.py:1546 - Layer fastsam_s/resize2 has implicit precision config during compilation, filling default values
2026-06-03 07:15:51,094 - DEPRECATION_WARNING - hailo_nn.py:1546 - Layer fastsam_s/concat8 has implicit precision config during compilation, filling default values
2026-06-03 07:15:51,095 - DEPRECATION_WARNING - hailo_nn.py:1546 - Layer fastsam_s/conv33 has implicit precision config during compilation, filling default values
2026-06-03 07:15:51,095 - DEPRECATION_WARNING - hailo_nn.py:1546 - Layer fastsam_s/conv34 has implicit precision config during compilation, filling default values
2026-06-03 07:15:51,095 - DEPRECATION_WARNING - hailo_nn.py:1546 - Layer fastsam_s/concat9 has implicit precision config during compilation, filling default values
2026-06-03 07:15:51,096 - DEPRECATION_WARNING - hailo_nn.py:1546 - Layer fastsam_s/conv35 has implicit precision config during compilation, filling default values
2026-06-03 07:15:51,096 - DEPRECATION_WARNING - hailo_nn.py:1546 - Layer fastsam_s/conv36 has implicit precision config during compilation, filling default values
2026-06-03 07:15:51,096 - DEPRECATION_WARNING - hailo_nn.py:1546 - Layer fastsam_s/concat10 has implicit precision config during compilation, filling default values
2026-06-03 07:15:51,097 - DEPRECATION_WARNING - hailo_nn.py:1546 - Layer fastsam_s/conv37 has implicit precision config during compilation, filling default values
2026-06-03 07:15:51,097 - DEPRECATION_WARNING - hailo_nn.py:1546 - Layer fastsam_s/conv38 has implicit precision config during compilation, filling default values
2026-06-03 07:15:51,097 - DEPRECATION_WARNING - hailo_nn.py:1546 - Layer fastsam_s/conv39 has implicit precision config during compilation, filling default values
2026-06-03 07:15:51,098 - DEPRECATION_WARNING - hailo_nn.py:1546 - Layer fastsam_s/conv40 has implicit precision config during compilation, filling default values
2026-06-03 07:15:51,098 - DEPRECATION_WARNING - hailo_nn.py:1546 - Layer fastsam_s/conv41 has implicit precision config during compilation, filling default values
2026-06-03 07:15:51,098 - DEPRECATION_WARNING - hailo_nn.py:1546 - Layer fastsam_s/conv42 has implicit precision config during compilation, filling default values
2026-06-03 07:15:51,099 - DEPRECATION_WARNING - hailo_nn.py:1546 - Layer fastsam_s/conv43 has implicit precision config during compilation, filling default values
2026-06-03 07:15:51,099 - DEPRECATION_WARNING - hailo_nn.py:1546 - Layer fastsam_s/conv44 has implicit precision config during compilation, filling default values
2026-06-03 07:15:51,099 - DEPRECATION_WARNING - hailo_nn.py:1546 - Layer fastsam_s/conv45 has implicit precision config during compilation, filling default values
2026-06-03 07:15:51,100 - DEPRECATION_WARNING - hailo_nn.py:1546 - Layer fastsam_s/conv46 has implicit precision config during compilation, filling default values
2026-06-03 07:15:51,100 - DEPRECATION_WARNING - hailo_nn.py:1546 - Layer fastsam_s/deconv1 has implicit precision config during compilation, filling default values
2026-06-03 07:15:51,100 - DEPRECATION_WARNING - hailo_nn.py:1546 - Layer fastsam_s/conv47 has implicit precision config during compilation, filling default values
2026-06-03 07:15:51,100 - DEPRECATION_WARNING - hailo_nn.py:1546 - Layer fastsam_s/conv48 has implicit precision config during compilation, filling default values
2026-06-03 07:15:51,101 - DEPRECATION_WARNING - hailo_nn.py:1546 - Layer fastsam_s/format_conversion1 has implicit precision config during compilation, filling default values
2026-06-03 07:15:51,101 - DEPRECATION_WARNING - hailo_nn.py:1546 - Layer fastsam_s/format_conversion2 has implicit precision config during compilation, filling default values
2026-06-03 07:15:51,101 - DEPRECATION_WARNING - hailo_nn.py:1546 - Layer fastsam_s/format_conversion3 has implicit precision config during compilation, filling default values
2026-06-03 07:15:51,102 - DEPRECATION_WARNING - hailo_nn.py:1546 - Layer fastsam_s/output_layer1 has implicit precision config during compilation, filling default values
2026-06-03 07:15:51,102 - DEPRECATION_WARNING - hailo_nn.py:1546 - Layer fastsam_s/conv50 has implicit precision config during compilation, filling default values
2026-06-03 07:15:51,102 - DEPRECATION_WARNING - hailo_nn.py:1546 - Layer fastsam_s/conv51 has implicit precision config during compilation, filling default values
2026-06-03 07:15:51,103 - DEPRECATION_WARNING - hailo_nn.py:1546 - Layer fastsam_s/concat11 has implicit precision config during compilation, filling default values
2026-06-03 07:15:51,103 - DEPRECATION_WARNING - hailo_nn.py:1546 - Layer fastsam_s/conv52 has implicit precision config during compilation, filling default values
2026-06-03 07:15:51,103 - DEPRECATION_WARNING - hailo_nn.py:1546 - Layer fastsam_s/conv53 has implicit precision config during compilation, filling default values
2026-06-03 07:15:51,104 - DEPRECATION_WARNING - hailo_nn.py:1546 - Layer fastsam_s/concat12 has implicit precision config during compilation, filling default values
2026-06-03 07:15:51,104 - DEPRECATION_WARNING - hailo_nn.py:1546 - Layer fastsam_s/conv54 has implicit precision config during compilation, filling default values
2026-06-03 07:15:51,104 - DEPRECATION_WARNING - hailo_nn.py:1546 - Layer fastsam_s/conv55 has implicit precision config during compilation, filling default values
2026-06-03 07:15:51,105 - DEPRECATION_WARNING - hailo_nn.py:1546 - Layer fastsam_s/conv56 has implicit precision config during compilation, filling default values
2026-06-03 07:15:51,105 - DEPRECATION_WARNING - hailo_nn.py:1546 - Layer fastsam_s/conv57 has implicit precision config during compilation, filling default values
2026-06-03 07:15:51,105 - DEPRECATION_WARNING - hailo_nn.py:1546 - Layer fastsam_s/conv58 has implicit precision config during compilation, filling default values
2026-06-03 07:15:51,106 - DEPRECATION_WARNING - hailo_nn.py:1546 - Layer fastsam_s/conv59 has implicit precision config during compilation, filling default values
2026-06-03 07:15:51,106 - DEPRECATION_WARNING - hailo_nn.py:1546 - Layer fastsam_s/conv60 has implicit precision config during compilation, filling default values
2026-06-03 07:15:51,106 - DEPRECATION_WARNING - hailo_nn.py:1546 - Layer fastsam_s/conv61 has implicit precision config during compilation, filling default values
2026-06-03 07:15:51,107 - DEPRECATION_WARNING - hailo_nn.py:1546 - Layer fastsam_s/conv62 has implicit precision config during compilation, filling default values
2026-06-03 07:15:51,107 - DEPRECATION_WARNING - hailo_nn.py:1546 - Layer fastsam_s/format_conversion4 has implicit precision config during compilation, filling default values
2026-06-03 07:15:51,107 - DEPRECATION_WARNING - hailo_nn.py:1546 - Layer fastsam_s/format_conversion5 has implicit precision config during compilation, filling default values
2026-06-03 07:15:51,107 - DEPRECATION_WARNING - hailo_nn.py:1546 - Layer fastsam_s/format_conversion6 has implicit precision config during compilation, filling default values
2026-06-03 07:15:51,108 - DEPRECATION_WARNING - hailo_nn.py:1546 - Layer fastsam_s/conv64 has implicit precision config during compilation, filling default values
2026-06-03 07:15:51,108 - DEPRECATION_WARNING - hailo_nn.py:1546 - Layer fastsam_s/conv65 has implicit precision config during compilation, filling default values
2026-06-03 07:15:51,108 - DEPRECATION_WARNING - hailo_nn.py:1546 - Layer fastsam_s/concat13 has implicit precision config during compilation, filling default values
2026-06-03 07:15:51,109 - DEPRECATION_WARNING - hailo_nn.py:1546 - Layer fastsam_s/conv66 has implicit precision config during compilation, filling default values
2026-06-03 07:15:51,109 - DEPRECATION_WARNING - hailo_nn.py:1546 - Layer fastsam_s/conv67 has implicit precision config during compilation, filling default values
2026-06-03 07:15:51,109 - DEPRECATION_WARNING - hailo_nn.py:1546 - Layer fastsam_s/conv68 has implicit precision config during compilation, filling default values
2026-06-03 07:15:51,110 - DEPRECATION_WARNING - hailo_nn.py:1546 - Layer fastsam_s/conv69 has implicit precision config during compilation, filling default values
2026-06-03 07:15:51,110 - DEPRECATION_WARNING - hailo_nn.py:1546 - Layer fastsam_s/conv70 has implicit precision config during compilation, filling default values
2026-06-03 07:15:51,110 - DEPRECATION_WARNING - hailo_nn.py:1546 - Layer fastsam_s/conv71 has implicit precision config during compilation, filling default values
2026-06-03 07:15:51,111 - DEPRECATION_WARNING - hailo_nn.py:1546 - Layer fastsam_s/conv72 has implicit precision config during compilation, filling default values
2026-06-03 07:15:51,111 - DEPRECATION_WARNING - hailo_nn.py:1546 - Layer fastsam_s/conv73 has implicit precision config during compilation, filling default values
2026-06-03 07:15:51,111 - DEPRECATION_WARNING - hailo_nn.py:1546 - Layer fastsam_s/conv74 has implicit precision config during compilation, filling default values
2026-06-03 07:15:51,112 - DEPRECATION_WARNING - hailo_nn.py:1546 - Layer fastsam_s/conv75 has implicit precision config during compilation, filling default values
2026-06-03 07:15:51,112 - DEPRECATION_WARNING - hailo_nn.py:1546 - Layer fastsam_s/format_conversion7 has implicit precision config during compilation, filling default values
2026-06-03 07:15:51,112 - DEPRECATION_WARNING - hailo_nn.py:1546 - Layer fastsam_s/concat14 has implicit precision config during compilation, filling default values
2026-06-03 07:15:51,112 - DEPRECATION_WARNING - hailo_nn.py:1546 - Layer fastsam_s/format_conversion8 has implicit precision config during compilation, filling default values
2026-06-03 07:15:51,113 - DEPRECATION_WARNING - hailo_nn.py:1546 - Layer fastsam_s/concat15 has implicit precision config during compilation, filling default values
2026-06-03 07:15:51,113 - DEPRECATION_WARNING - hailo_nn.py:1546 - Layer fastsam_s/activation1 has implicit precision config during compilation, filling default values
2026-06-03 07:15:51,113 - DEPRECATION_WARNING - hailo_nn.py:1546 - Layer fastsam_s/format_conversion9 has implicit precision config during compilation, filling default values
2026-06-03 07:15:51,114 - DEPRECATION_WARNING - hailo_nn.py:1546 - Layer fastsam_s/concat16 has implicit precision config during compilation, filling default values
2026-06-03 07:15:51,114 - DEPRECATION_WARNING - hailo_nn.py:1546 - Layer fastsam_s/output_layer2 has implicit precision config during compilation, filling default values
2026-06-03 07:15:51,114 - DEPRECATION_WARNING - hailo_nn.py:1546 - Layer fastsam_s/output_layer3 has implicit precision config during compilation, filling default values
2026-06-03 07:15:51,114 - DEPRECATION_WARNING - hailo_nn.py:1546 - Layer fastsam_s/conv76 has implicit precision config during compilation, filling default values
2026-06-03 07:15:51,115 - DEPRECATION_WARNING - hailo_nn.py:1546 - Layer fastsam_s/output_layer4 has implicit precision config during compilation, filling default values
2026-06-03 07:15:51,115 - DEPRECATION_WARNING - hailo_nn.py:1546 - Layer fastsam_s/conv_feature_splitter1_1 has implicit precision config during compilation, filling default values
2026-06-03 07:15:51,115 - DEPRECATION_WARNING - hailo_nn.py:1546 - Layer fastsam_s/conv_feature_splitter1_2 has implicit precision config during compilation, filling default values
2026-06-03 07:15:51,116 - DEPRECATION_WARNING - hailo_nn.py:1546 - Layer fastsam_s/conv_feature_splitter2_1 has implicit precision config during compilation, filling default values
2026-06-03 07:15:51,116 - DEPRECATION_WARNING - hailo_nn.py:1546 - Layer fastsam_s/conv_feature_splitter2_2 has implicit precision config during compilation, filling default values
2026-06-03 07:15:51,116 - DEPRECATION_WARNING - hailo_nn.py:1546 - Layer fastsam_s/conv_feature_splitter3_1 has implicit precision config during compilation, filling default values
2026-06-03 07:15:51,117 - DEPRECATION_WARNING - hailo_nn.py:1546 - Layer fastsam_s/conv_feature_splitter3_2 has implicit precision config during compilation, filling default values
2026-06-03 07:15:51,117 - DEPRECATION_WARNING - hailo_nn.py:1546 - Layer fastsam_s/conv_feature_splitter4_1 has implicit precision config during compilation, filling default values
2026-06-03 07:15:51,117 - DEPRECATION_WARNING - hailo_nn.py:1546 - Layer fastsam_s/conv_feature_splitter4_2 has implicit precision config during compilation, filling default values
2026-06-03 07:15:51,118 - DEPRECATION_WARNING - hailo_nn.py:1546 - Layer fastsam_s/conv_feature_splitter5_1 has implicit precision config during compilation, filling default values
2026-06-03 07:15:51,118 - DEPRECATION_WARNING - hailo_nn.py:1546 - Layer fastsam_s/conv_feature_splitter5_2 has implicit precision config during compilation, filling default values
2026-06-03 07:15:51,118 - DEPRECATION_WARNING - hailo_nn.py:1546 - Layer fastsam_s/conv_feature_splitter6_1 has implicit precision config during compilation, filling default values
2026-06-03 07:15:51,119 - DEPRECATION_WARNING - hailo_nn.py:1546 - Layer fastsam_s/conv_feature_splitter6_2 has implicit precision config during compilation, filling default values
2026-06-03 07:15:51,119 - DEPRECATION_WARNING - hailo_nn.py:1546 - Layer fastsam_s/conv_feature_splitter7_1 has implicit precision config during compilation, filling default values
2026-06-03 07:15:51,119 - DEPRECATION_WARNING - hailo_nn.py:1546 - Layer fastsam_s/conv_feature_splitter7_2 has implicit precision config during compilation, filling default values
2026-06-03 07:15:51,120 - DEPRECATION_WARNING - hailo_nn.py:1546 - Layer fastsam_s/conv_feature_splitter8_1 has implicit precision config during compilation, filling default values
2026-06-03 07:15:51,120 - DEPRECATION_WARNING - hailo_nn.py:1546 - Layer fastsam_s/conv_feature_splitter8_2 has implicit precision config during compilation, filling default values
2026-06-03 07:15:51,120 - DEPRECATION_WARNING - hailo_nn.py:1546 - Layer fastsam_s/ew_mult_softmax1 has implicit precision config during compilation, filling default values
2026-06-03 07:15:51,120 - DEPRECATION_WARNING - hailo_nn.py:1546 - Layer fastsam_s/reduce_max_softmax1 has implicit precision config during compilation, filling default values
2026-06-03 07:15:51,121 - DEPRECATION_WARNING - hailo_nn.py:1546 - Layer fastsam_s/ew_sub_softmax1 has implicit precision config during compilation, filling default values
2026-06-03 07:15:51,121 - DEPRECATION_WARNING - hailo_nn.py:1546 - Layer fastsam_s/reduce_sum_softmax1 has implicit precision config during compilation, filling default values
2026-06-03 07:16:38,425 - INFO - parser.py:127 - Translation started on ONNX model fastsam_s
2026-06-03 07:16:38,558 - INFO - parser.py:162 - Restored ONNX model fastsam_s (completion time: 00:00:00.13)
2026-06-03 07:16:38,771 - INFO - parser.py:185 - Extracted ONNXRuntime meta-data for Hailo model (completion time: 00:00:00.35)
2026-06-03 07:16:39,294 - INFO - parser.py:357 - Start nodes mapped from original model: 'images': 'fastsam_s/input_layer1'.
2026-06-03 07:16:39,294 - INFO - parser.py:358 - End nodes mapped from original model: '/model.22/Concat_2', '/model.22/Sigmoid', '/model.22/proto/cv3/act/Mul', '/model.22/dfl/Reshape_1'.
2026-06-03 07:16:39,343 - INFO - parser.py:272 - Translation completed on ONNX model fastsam_s (completion time: 00:00:00.92)
2026-06-03 07:16:40,524 - IMPORTANT - sdk_backend.py:1009 - Starting Model Optimization
2026-06-03 07:17:29,054 - INFO - parser.py:127 - Translation started on ONNX model fastsam_s
2026-06-03 07:17:29,225 - INFO - parser.py:162 - Restored ONNX model fastsam_s (completion time: 00:00:00.17)
2026-06-03 07:17:29,442 - INFO - parser.py:185 - Extracted ONNXRuntime meta-data for Hailo model (completion time: 00:00:00.39)
2026-06-03 07:17:29,967 - INFO - parser.py:357 - Start nodes mapped from original model: 'images': 'fastsam_s/input_layer1'.
2026-06-03 07:17:29,967 - INFO - parser.py:358 - End nodes mapped from original model: '/model.22/Concat_2', '/model.22/Sigmoid', '/model.22/proto/cv3/act/Mul', '/model.22/dfl/Reshape_1'.
2026-06-03 07:17:30,018 - INFO - parser.py:272 - Translation completed on ONNX model fastsam_s (completion time: 00:00:00.96)
2026-06-03 07:17:31,188 - IMPORTANT - sdk_backend.py:1009 - Starting Model Optimization
2026-06-03 07:20:17,780 - IMPORTANT - sdk_backend.py:1050 - Model Optimization is done
2026-06-03 07:20:17,815 - INFO - hailo_tools_runner.py:504 - To achieve optimal performance, set the compiler_optimization_level to "max" by adding performance_param(compiler_optimization_level=max) to the model script. Note that this may increase compilation time.
2026-06-03 07:20:18,008 - ERROR - hailo_tools_runner.py:576 - Failed to produce compiled graph
2026-06-03 07:20:18,009 - ERROR - hailo_tools_runner.py:232 - TypeError: expected str, bytes or os.PathLike object, not NoneType
2026-06-03 07:20:52,681 - INFO - parser.py:127 - Translation started on ONNX model fastsam_s
2026-06-03 07:20:52,879 - INFO - parser.py:162 - Restored ONNX model fastsam_s (completion time: 00:00:00.20)
2026-06-03 07:20:53,088 - INFO - parser.py:185 - Extracted ONNXRuntime meta-data for Hailo model (completion time: 00:00:00.41)
2026-06-03 07:20:53,611 - INFO - parser.py:357 - Start nodes mapped from original model: 'images': 'fastsam_s/input_layer1'.
2026-06-03 07:20:53,612 - INFO - parser.py:358 - End nodes mapped from original model: '/model.22/Concat_2', '/model.22/Sigmoid', '/model.22/proto/cv3/act/Mul', '/model.22/dfl/Reshape_1'.
2026-06-03 07:20:53,663 - INFO - parser.py:272 - Translation completed on ONNX model fastsam_s (completion time: 00:00:00.98)
2026-06-03 07:20:54,828 - IMPORTANT - sdk_backend.py:1009 - Starting Model Optimization
2026-06-03 07:23:16,833 - IMPORTANT - sdk_backend.py:1050 - Model Optimization is done
2026-06-03 07:23:18,063 - INFO - client_runner.py:1831 - Saved HAR to: /workspace/fastsam_s.har
2026-06-03 07:23:21,445 - INFO - hailo_tools_runner.py:504 - To achieve optimal performance, set the compiler_optimization_level to "max" by adding performance_param(compiler_optimization_level=max) to the model script. Note that this may increase compilation time.
2026-06-03 07:23:21,638 - ERROR - hailo_tools_runner.py:576 - Failed to produce compiled graph
2026-06-03 07:23:21,638 - ERROR - hailo_tools_runner.py:232 - TypeError: expected str, bytes or os.PathLike object, not NoneType
2026-06-03 07:24:10,302 - INFO - main.py:34 - Current Time: 07:24:10, 06/03/26
2026-06-03 07:24:11,362 - INFO - main.py:46 - CPU: Architecture: x86_64, Model: , Number Of Cores: 12, Utilization: 0.1%
2026-06-03 07:24:11,364 - INFO - main.py:50 - Memory: Total: 7GB, Available: 6GB
2026-06-03 07:24:11,364 - INFO - main.py:54 - System info: OS: Linux, Kernel: 6.12.72-linuxkit
2026-06-03 07:24:11,366 - INFO - main.py:55 - Hailo DFC Version: 3.28.0
2026-06-03 07:24:11,384 - INFO - main.py:60 - HailoRT Version: Not Installed
2026-06-03 07:24:11,425 - INFO - main.py:76 - PCIe: No Hailo PCIe device was found
2026-06-03 07:24:11,426 - INFO - main.py:109 - Running `hailo compiler --hw-arch hailo8 fastsam_s.har --output-path fastsam_s.hef`
2026-06-03 07:24:27,423 - INFO - main.py:34 - Current Time: 07:24:27, 06/03/26
2026-06-03 07:24:28,482 - INFO - main.py:46 - CPU: Architecture: x86_64, Model: , Number Of Cores: 12, Utilization: 0.1%
2026-06-03 07:24:28,484 - INFO - main.py:50 - Memory: Total: 7GB, Available: 6GB
2026-06-03 07:24:28,484 - INFO - main.py:54 - System info: OS: Linux, Kernel: 6.12.72-linuxkit
2026-06-03 07:24:28,486 - INFO - main.py:55 - Hailo DFC Version: 3.28.0
2026-06-03 07:24:28,505 - INFO - main.py:60 - HailoRT Version: Not Installed
2026-06-03 07:24:28,546 - INFO - main.py:76 - PCIe: No Hailo PCIe device was found
2026-06-03 07:24:28,546 - INFO - main.py:109 - Running `hailo compiler --help`
2026-06-03 07:24:43,855 - INFO - main.py:34 - Current Time: 07:24:43, 06/03/26
2026-06-03 07:24:44,918 - INFO - main.py:46 - CPU: Architecture: x86_64, Model: , Number Of Cores: 12, Utilization: 0.0%
2026-06-03 07:24:44,919 - INFO - main.py:50 - Memory: Total: 7GB, Available: 6GB
2026-06-03 07:24:44,920 - INFO - main.py:54 - System info: OS: Linux, Kernel: 6.12.72-linuxkit
2026-06-03 07:24:44,921 - INFO - main.py:55 - Hailo DFC Version: 3.28.0
2026-06-03 07:24:44,939 - INFO - main.py:60 - HailoRT Version: Not Installed
2026-06-03 07:24:44,980 - INFO - main.py:76 - PCIe: No Hailo PCIe device was found
2026-06-03 07:24:44,981 - INFO - main.py:109 - Running `hailo compiler --hw-arch hailo8 --output-dir /workspace fastsam_s.har`
2026-06-03 07:24:48,264 - INFO - compiler_cli.py:81 - Compiling network
2026-06-03 07:24:48,296 - INFO - hailo_tools_runner.py:504 - To achieve optimal performance, set the compiler_optimization_level to "max" by adding performance_param(compiler_optimization_level=max) to the model script. Note that this may increase compilation time.
2026-06-03 07:24:48,485 - ERROR - hailo_tools_runner.py:576 - Failed to produce compiled graph
2026-06-03 07:24:48,486 - ERROR - hailo_tools_runner.py:232 - TypeError: expected str, bytes or os.PathLike object, not NoneType
2026-06-03 07:25:10,706 - INFO - main.py:34 - Current Time: 07:25:10, 06/03/26
2026-06-03 07:25:11,767 - INFO - main.py:46 - CPU: Architecture: x86_64, Model: , Number Of Cores: 12, Utilization: 0.0%
2026-06-03 07:25:11,770 - INFO - main.py:50 - Memory: Total: 7GB, Available: 6GB
2026-06-03 07:25:11,771 - INFO - main.py:54 - System info: OS: Linux, Kernel: 6.12.72-linuxkit
2026-06-03 07:25:11,772 - INFO - main.py:55 - Hailo DFC Version: 3.28.0
2026-06-03 07:25:11,792 - INFO - main.py:60 - HailoRT Version: Not Installed
2026-06-03 07:25:11,835 - INFO - main.py:76 - PCIe: No Hailo PCIe device was found
2026-06-03 07:25:11,835 - INFO - main.py:109 - Running `hailo har info fastsam_s.har`
2026-06-03 07:25:11,843 - INFO - hailo_archive_cli.py:337 - Model Name: fastsam_s
2026-06-03 07:25:11,843 - INFO - hailo_archive_cli.py:340 - State: Quantized Model
2026-06-03 07:25:11,843 - INFO - hailo_archive_cli.py:351 - SDK Version (that created the HAR): 3.28.0
2026-06-03 07:25:11,843 - INFO - hailo_archive_cli.py:356 - Hardware Architecture: hailo8
2026-06-03 07:25:11,843 - INFO - hailo_archive_cli.py:358 - Files in HAR:
2026-06-03 07:25:47,096 - INFO - main.py:34 - Current Time: 07:25:47, 06/03/26
2026-06-03 07:25:48,154 - INFO - main.py:46 - CPU: Architecture: x86_64, Model: , Number Of Cores: 12, Utilization: 0.0%
2026-06-03 07:25:48,156 - INFO - main.py:50 - Memory: Total: 7GB, Available: 6GB
2026-06-03 07:25:48,156 - INFO - main.py:54 - System info: OS: Linux, Kernel: 6.12.72-linuxkit
2026-06-03 07:25:48,157 - INFO - main.py:55 - Hailo DFC Version: 3.28.0
2026-06-03 07:25:48,176 - INFO - main.py:60 - HailoRT Version: Not Installed
2026-06-03 07:25:48,216 - INFO - main.py:76 - PCIe: No Hailo PCIe device was found
2026-06-03 07:25:48,217 - INFO - main.py:109 - Running `hailo compiler --hw-arch hailo8 --model-script fastsam_s.alls --output-dir /workspace fastsam_s.har`
2026-06-03 07:25:51,484 - INFO - client_runner.py:476 - Loading model script commands to fastsam_s from fastsam_s.alls
2026-06-03 07:25:51,488 - INFO - commands.py:3824 - ParsedPerformanceParam command, setting optimization_level(max=2)
2026-06-03 07:25:51,508 - INFO - compiler_cli.py:81 - Compiling network
2026-06-03 07:25:51,737 - ERROR - hailo_tools_runner.py:576 - Failed to produce compiled graph
2026-06-03 07:25:51,737 - ERROR - hailo_tools_runner.py:232 - TypeError: expected str, bytes or os.PathLike object, not NoneType
2026-06-03 07:26:13,730 - INFO - hailo_tools_runner.py:504 - To achieve optimal performance, set the compiler_optimization_level to "max" by adding performance_param(compiler_optimization_level=max) to the model script. Note that this may increase compilation time.
2026-06-03 07:26:13,922 - ERROR - hailo_tools_runner.py:576 - Failed to produce compiled graph
2026-06-03 07:31:27,445 - INFO - hailo_tools_runner.py:504 - To achieve optimal performance, set the compiler_optimization_level to "max" by adding performance_param(compiler_optimization_level=max) to the model script. Note that this may increase compilation time.
